C51 COMPILER V9.60.0.0   HW_EXT0                                                           07/11/2021 19:35:26 PAGE 1   


C51 COMPILER V9.60.0.0, COMPILATION OF MODULE HW_EXT0
OBJECT MODULE PLACED IN .\Objects\hw_Ext0.obj
COMPILER INVOKED BY: C:\Keil_v5\C51\BIN\C51.EXE ..\..\ESC51_sdk\HW_Support\hw_Ext0.c LARGE WARNINGLEVEL(1) OPTIMIZE(8,SP
                    -EED) BROWSE INCDIR(..\..\ESC51_sdk\es_sdkstatrt;..\..\ESC51_sdk\OFC_Driver\header;..\..\ESC51_sdk\HW_Support\header;..\.
                    -.\ESC51_sdk\SW_Support\header;..\..\ESC51_project;..\..\ESC51_sdk) DEBUG OBJECTEXTEND PRINT(.\Listings\hw_Ext0.lst) OBJE
                    -CT(.\Objects\hw_Ext0.obj)

line level    source

   1          #include "hw_Ext0.h"
   2          
   3          #ifdef EXT1_CONFIG
              
              
              
              
              
              static int (*pointer_interupt_ext0)(void *arg);
              
              static int interupt_ext0_function (void *arg) 
              {
                      return 0;
              }
              
              /*******************************************************************************
              * 函 数 名         : Ext0Init
              * 函数功能                 : 1初始化
              * 输    入         : 无
              * 输    出         : 无
              *******************************************************************************/
              void Ext0Init(EXT0_MODE mode, void *pfunc)
              {
                      EX0   = 0;//关闭中断允许
                      switch (mode)
                      {
                              case EXT0_MODE_LEVEL:IT0 = 0;
                                                   break;
                              case EXT0_MODE_FEDGE:IT0 = 1;
                                                   break;
                              default:return ;     break;
                      }
                      
                      if (pfunc == NULL) {
                              pointer_interupt_ext0 = interupt_ext0_function;
                      } else {
                              pointer_interupt_ext0 = pfunc;
                      }
              
                      EX0   = 1;//关闭中断允许
                      EA    = 1;//打开总中断
              }
              
              
              void Ext0Init_NoOpen(EXT0_MODE mode, void *pfunc)
              {
                      EX0   = 0;//关闭中断允许
                      switch (mode)
                      {
                              case EXT0_MODE_LEVEL:IT0 = 0;
                                                   break;
                              case EXT0_MODE_FEDGE:IT0 = 1;
C51 COMPILER V9.60.0.0   HW_EXT0                                                           07/11/2021 19:35:26 PAGE 2   

                                                   break;
                              default:return ;     break;
                      }
                      
                      if (pfunc == NULL) {
                              pointer_interupt_ext0 = interupt_ext0_function;
                      } else {
                              pointer_interupt_ext0 = pfunc;
                      }
              
                      EX0   = 0;//关闭中断允许
                      EA    = 1;//打开总中断
              }
              
              void Ext0Open(void)
              {
                      EX0 = 1;
              }
              void Ext0Close(void)
              {
                      EX0 = 0;
              }
              void Ext0Pause(void)
              {
                      
              }
              void Ext0Start(void)
              {
                      
              }
              
              
              
              /*******************************************************************************
              * 函 数 名         : void Ext0() interrupt 2
              * 函数功能                 : 1中断函数
              * 输    入         : 无
              * 输    出         : 无
              *******************************************************************************/
              void Ext0() interrupt 2
              {
                      pointer_interupt_ext0(NULL);
              }
              
              
              
              #endif /* TIMER0_CONFIG */


MODULE INFORMATION:   STATIC OVERLAYABLE
   CODE SIZE        =   ----    ----
   CONSTANT SIZE    =   ----    ----
   XDATA SIZE       =   ----    ----
   PDATA SIZE       =   ----    ----
   DATA SIZE        =   ----    ----
   IDATA SIZE       =   ----    ----
   BIT SIZE         =   ----    ----
END OF MODULE INFORMATION.


C51 COMPILATION COMPLETE.  0 WARNING(S),  0 ERROR(S)
