C51 COMPILER V9.60.0.0   HW_UART                                                           07/11/2021 00:19:21 PAGE 1   


C51 COMPILER V9.60.0.0, COMPILATION OF MODULE HW_UART
OBJECT MODULE PLACED IN .\Objects\hw_UART.obj
COMPILER INVOKED BY: C:\Keil_v5\C51\BIN\C51.EXE ..\..\ESC51_sdk\HW_Support\hw_UART.c LARGE WARNINGLEVEL(1) OPTIMIZE(8,SP
                    -EED) BROWSE INCDIR(..\..\ESC51_sdk\es_sdkstatrt;..\..\ESC51_sdk\OFC_Driver\header;..\..\ESC51_sdk\HW_Support\header;..\.
                    -.\ESC51_sdk\SW_Support\header;..\..\ESC51_project;..\..\ESC51_sdk) DEBUG OBJECTEXTEND PRINT(.\Listings\hw_UART.lst) OBJE
                    -CT(.\Objects\hw_UART.obj)

line level    source

   1          #include "hw_UART.h"
   2          
   3          #ifdef UART_CONFIG
              
              
              
              
              
              #ifndef TIMER1_CONFIG
              
              
              
              
              int (*pointer_interupt_uart)(void *arg);
              
              static int interupt_uart_function (void *arg) 
              {
                      return 0;
              }
              
              void UART_Init(void *callback)
              {
                      if (callback == NULL) {
                              pointer_interupt_uart = interupt_uart_function;
                      } else {
                              pointer_interupt_uart = callback;
                      }
                      
                      SCON  = 0X50;                   //è®¾ç½®ä¸ºå·¥ä½œæ–¹å¼?1
                      TMOD &= 0X0F;                   //è®¾ç½®è®¡æ•°å™¨å·¥ä½œæ–¹å¼?2
                      TMOD |= 0X20;                   //è®¾ç½®è®¡æ•°å™¨å·¥ä½œæ–¹å¼?2
                      PCON  = 0X80;                   //æ³¢ç‰¹ç‡åŠ å€?
                      TH1   = RELOAD_COUNT;   //è®¡æ•°å™¨åˆå§‹å€¼è?¾ç½®
                      TL1   = TH1;
                      ES  = 1;                                //å…³é—­æ¥æ”¶ä¸?æ–?
                      EA  = 1;                                //æ‰“å¼€æ€»ä¸­æ–?
                      TR1 = 1;                                //æ‰“å¼€è®¡æ•°å™?
              }
              
              void UART_SendByte(u8 dat)
              {
                      ES = 0;               //å…³é—­ä¸²å£ä¸?æ–?
                      TI = 0;               //æ¸…å‘é€å®Œæ¯•ä¸­æ–?è¯·æ±‚æ ‡å¿—ä½?
                      SBUF = dat;           //å‘é€?
                      while(TI == 0);       //ç­‰å¾…å‘é€å®Œæ¯?
                      TI = 0;               //æ¸…å‘é€å®Œæ¯•ä¸­æ–?è¯·æ±‚æ ‡å¿—ä½?
                      ES = 1;               //å…è?¸ä¸²å£ä¸­æ–?
              }
              
              void UART_SendStr(uchar *str)
              {
                  while(*str!= '\0')
C51 COMPILER V9.60.0.0   HW_UART                                                           07/11/2021 00:19:21 PAGE 2   

                      {
                      UART_SendByte(*str);
                      str++;
                  }
              }
              
              void UART_SendByteArr(uchar *byte_arr, uint arr_len)
              {
                      int curt_num = 0;
                      for(curt_num = 0; curt_num < arr_len; curt_num++)
                      {
                      UART_SendByte(byte_arr[curt_num]);
                      arr_len--;
                  }
              }
              
              void Usart() interrupt 4
              {
                      
                      pointer_interupt_uart(NULL);
              
              }
              
              
              
              #else
              
              #warning UART is Disable
              
              #endif /* TIMER1_CONFIG */
              
              
              #endif /* UART_CONFIG */


MODULE INFORMATION:   STATIC OVERLAYABLE
   CODE SIZE        =   ----    ----
   CONSTANT SIZE    =   ----    ----
   XDATA SIZE       =   ----    ----
   PDATA SIZE       =   ----    ----
   DATA SIZE        =   ----    ----
   IDATA SIZE       =   ----    ----
   BIT SIZE         =   ----    ----
END OF MODULE INFORMATION.


C51 COMPILATION COMPLETE.  0 WARNING(S),  0 ERROR(S)
