C51 COMPILER V9.60.0.0   HX711                                                             07/17/2021 11:59:45 PAGE 1   


C51 COMPILER V9.60.0.0, COMPILATION OF MODULE HX711
OBJECT MODULE PLACED IN .\Objects\hx711.obj
COMPILER INVOKED BY: C:\Keil_v5\C51\BIN\C51.EXE ..\..\ESC51_sdk\OFC_Driver\hx711.c LARGE WARNINGLEVEL(1) OPTIMIZE(8,SPEE
                    -D) BROWSE INCDIR(..\..\ESC51_sdk\es_sdkstatrt;..\..\ESC51_sdk\OFC_Driver\header;..\..\ESC51_sdk\HW_Support\header;..\..\
                    -ESC51_sdk\SW_Support\header;..\..\ESC51_project;..\..\ESC51_sdk) DEBUG OBJECTEXTEND PRINT(.\Listings\hx711.lst) OBJECT(.
                    -\Objects\hx711.obj)

line level    source

   1          #include "hx711.h"
   2          
   3          
   4          #ifdef HX711_CONFIG
   5          
   6          unsigned long HX711_Read(void)
   7          {   
   8   1              ulong Count;   
   9   1              uchar i; 
  10   1              HX711_DO = 1;             
  11   1              HX711_SK = 0;   
  12   1              Count    = 0;   
  13   1              while(HX711_DO);   
  14   1              for (i=0;i<24;i++)
  15   1              {     
  16   2                      HX711_SK = 1;     
  17   2                      Count = Count<<1;    
  18   2                      HX711_SK = 0;    
  19   2                      if(HX711_DO) {
  20   3                              Count++;
  21   3                      }
  22   2              }   
  23   1              HX711_SK = 1;   
  24   1              Count    = Count^0x800000;   
  25   1              HX711_SK = 0; 
  26   1              
  27   1              return Count;
  28   1      } 
  29          
  30          #endif /* HX711_CONFIG */


MODULE INFORMATION:   STATIC OVERLAYABLE
   CODE SIZE        =    139    ----
   CONSTANT SIZE    =   ----    ----
   XDATA SIZE       =   ----       4
   PDATA SIZE       =   ----    ----
   DATA SIZE        =   ----    ----
   IDATA SIZE       =   ----    ----
   BIT SIZE         =   ----    ----
END OF MODULE INFORMATION.


C51 COMPILATION COMPLETE.  0 WARNING(S),  0 ERROR(S)
