C51 COMPILER V9.60.0.0   LCD12864                                                          07/08/2021 21:47:59 PAGE 1   


C51 COMPILER V9.60.0.0, COMPILATION OF MODULE LCD12864
OBJECT MODULE PLACED IN .\Objects\lcd12864.obj
COMPILER INVOKED BY: C:\Keil_v5\C51\BIN\C51.EXE ..\..\ESC51_sdk\HW_Driver\lcd12864.c LARGE OPTIMIZE(8,SPEED) BROWSE INCD
                    -IR(..\..\ESC51_sdk\es_sdkstatrt;..\..\ESC51_sdk\HW_Driver\header;..\..\ESC51_sdk\HW_Support\header;..\..\ESC51_sdk\SW_Su
                    -pport\header;..\..\ESC51_project;..\..\ESC51_sdk) DEBUG OBJECTEXTEND PRINT(.\Listings\lcd12864.lst) OBJECT(.\Objects\lcd
                    -12864.obj)

line level    source

   1          #include "lcd12864.h"
   2          
   3          
   4          #ifdef LCD12864_CONFIG
              
              static void delay_10us(uint z)
              {
                      uint i;
                      while(z--)
                      {
                              for(i=0;i<10;i++) _nop_();
                      } 
              }
              
              /*------------------------------------------------
                                   忙检
              函数名    LCD12864_Busy()
              传入参数  无
              传出参数  result
              ------------------------------------------------*/
              bit LCD12864_Busy()
              {
                 bit result;
                 LCD12864_RS = 0;
                 LCD12864_RW = 1;
                 LCD12864_EN = 1;
                 result = (bit)(LCD12864_Data & 0x80);
                 LCD12864_EN = 0;
                 return result;
              }
              
              
              
              /*------------------------------------------------
                                   写数据
              函数名    LCD12864_Write_Data()
              传入参数  dat
              传出参数  无
              ------------------------------------------------*/
              void LCD12864_Write_Data(uchar dat)
              {
                      while(LCD12864_Busy());
                      LCD12864_RS = 1;
                      LCD12864_RW = 0;
                      LCD12864_EN = 0;
                      delay_10us(1);
                      LCD12864_Data = dat;
                      delay_10us(1);
                      LCD12864_EN = 1;
                      delay_10us(20);
                      LCD12864_EN = 0;
              }
C51 COMPILER V9.60.0.0   LCD12864                                                          07/08/2021 21:47:59 PAGE 2   

              
              
              /*------------------------------------------------
                                   写命令
              函数名    LCD12864_Write_Com()
              传入参数  com
              传出参数  无
              ------------------------------------------------*/
              void LCD12864_Write_Command(uchar com)
              {
                      while(LCD12864_Busy()); 
                      LCD12864_RW = 0;
                      LCD12864_RS = 0;
                      LCD12864_EN = 0;
                      delay_10us(1);
                      LCD12864_Data = com;
                      delay_10us(1);
                      LCD12864_EN = 1;
                      delay_10us(20);
                      LCD12864_EN = 0;
              }
              
              
              /*------------------------------------------------
                                   初始化
              函数名    LCD12864_Init()
              传入参数  无
              传出参数  无
              ------------------------------------------------*/
              void LCD12864_Init()
              {
                      LCD12864_PSB = 1;
                      delay_10us(20);
                      LCD12864_Write_Command(0x34);
                      LCD12864_Write_Command(0x30);
                      LCD12864_Write_Command(0x08);
                      LCD12864_Write_Command(0x01);
                      LCD12864_Write_Command(0x06);
                      LCD12864_Write_Command(0x0c);
              }
              
              
              
              /*------------------------------------------------
                                  显示数据
              函数名    LCD12864_Display_Char() ;LCD12864_Display_Str()    
              传入参数  x,y,dat                  x,y,*dat
              传出参数  无                       无
              ------------------------------------------------*/
              uchar addresses[] = {0x80,0x90,0x88,0x98};
              void LCD12864_Display_Char(uchar x,uchar y,uchar dat)
              {
                      LCD12864_Write_Command(0x30);
                      LCD12864_Write_Command(0x06);
                      LCD12864_Write_Command(addresses[x-1]+(y-1));
                      LCD12864_Write_Data(dat);
              }
              
              void LCD12864_Display_Str(uchar x,uchar y,uchar *dat)
              {
                      LCD12864_Write_Command(0x30);
                      LCD12864_Write_Command(0x06);
C51 COMPILER V9.60.0.0   LCD12864                                                          07/08/2021 21:47:59 PAGE 3   

                      LCD12864_Write_Command(addresses[x-1]+(y-1));
                      while(*dat != '\0')
                      {
                              LCD12864_Write_Data(*dat);
                              dat++;
                      }
              }
              
              #endif /* LCD12864_CONFIG */


MODULE INFORMATION:   STATIC OVERLAYABLE
   CODE SIZE        =   ----    ----
   CONSTANT SIZE    =   ----    ----
   XDATA SIZE       =   ----    ----
   PDATA SIZE       =   ----    ----
   DATA SIZE        =   ----    ----
   IDATA SIZE       =   ----    ----
   BIT SIZE         =   ----    ----
END OF MODULE INFORMATION.


C51 COMPILATION COMPLETE.  0 WARNING(S),  0 ERROR(S)
