C51 COMPILER V9.60.0.0   PWM                                                               07/08/2021 22:33:45 PAGE 1   


C51 COMPILER V9.60.0.0, COMPILATION OF MODULE PWM
OBJECT MODULE PLACED IN .\Objects\pwm.obj
COMPILER INVOKED BY: C:\Keil_v5\C51\BIN\C51.EXE ..\..\ESC51_sdk\HW_Driver\pwm.c LARGE OPTIMIZE(8,SPEED) BROWSE INCDIR(..
                    -\..\ESC51_sdk\es_sdkstatrt;..\..\ESC51_sdk\HW_Driver\header;..\..\ESC51_sdk\HW_Support\header;..\..\ESC51_sdk\SW_Support
                    -\header;..\..\ESC51_project;..\..\ESC51_sdk) DEBUG OBJECTEXTEND PRINT(.\Listings\pwm.lst) OBJECT(.\Objects\pwm.obj)

line level    source

   1          #include "pwm.h"
   2          
   3          #ifdef PWM_CONFIG
              
              
              
              static uchar PWM_PosCYC = 50;
              static uchar PWM_NegCYC = 50;
              static uchar PWM_CURPOS = 0;
              
              
              static int pwm_int_function (void *arg) 
              {
                      void *ptr = arg;
                      
                      PWM_CURPOS++;
                      
                      if (PWM_CURPOS == PWM_PosCYC) {
                              PWM_OUT    = 0;
                      } else if (PWM_CURPOS == 100) {
                              PWM_OUT    = 1;
                              PWM_CURPOS = 0;
                      }
                      
                      return 0;
              }
              
              
              char PWM_Init (uchar duty)
              {
                      if (duty == 0) {
                              PWM_PosCYC = 50;
                              PWM_NegCYC = 50;
                      } else if (duty > 100){
                              PWM_PosCYC = 50;
                              PWM_NegCYC = 50;
                      } else {
                              PWM_PosCYC = duty;
                              PWM_NegCYC = 100 - PWM_PosCYC;
                      }
                      
                      PWM_OUT    = 1;
                      PWM_CURPOS = 0;
                      
                      GTimer_OBJJoin (pwm_int_function, NULL);
                      
                      return 0;
              }
              
              
              char PWM_Start (void)
              {
              
C51 COMPILER V9.60.0.0   PWM                                                               07/08/2021 22:33:45 PAGE 2   

                      PWM_OUT    = 1;
                      PWM_CURPOS = 0;
                      
                      GTimer_OBJRun (pwm_int_function);
                      
                      return 0;
              }
              
              char PWM_Stop (void)
              {
                      GTimer_OBJPause (pwm_int_function);
                      
                      PWM_OUT    = 1;
                      PWM_CURPOS = 0;
                      
                      return 0;
              }
              
              
              char PWM_SetDUTY (uchar duty)
              {
                      PWM_Stop ();
                      
                      PWM_OUT    = 1;
                      PWM_CURPOS = 0;
                      
                      if (duty == 0) {
                              PWM_PosCYC = 50;
                              PWM_NegCYC = 50;
                      } else if (duty > 100){
                              PWM_PosCYC = 50;
                              PWM_NegCYC = 50;
                      } else {
                              PWM_PosCYC = duty;
                              PWM_NegCYC = 100 - PWM_PosCYC;
                      }
                      
                      PWM_Start ();
                      
                      return 0;
              }
              
              #endif /* PWM_CONFIG */


MODULE INFORMATION:   STATIC OVERLAYABLE
   CODE SIZE        =   ----    ----
   CONSTANT SIZE    =   ----    ----
   XDATA SIZE       =   ----    ----
   PDATA SIZE       =   ----    ----
   DATA SIZE        =   ----    ----
   IDATA SIZE       =   ----    ----
   BIT SIZE         =   ----    ----
END OF MODULE INFORMATION.


C51 COMPILATION COMPLETE.  0 WARNING(S),  0 ERROR(S)
